#
# A fatal error has been detected by the Java Runtime Environment:
#
#  EXCEPTION_ACCESS_VIOLATION (0xc0000005) at pc=0x0000000064da1ac0, pid=7048, tid=0x0000000000002918
#
# JRE version: Java(TM) SE Runtime Environment (8.0_261-b12) (build 1.8.0_261-b12)
# Java VM: Java HotSpot(TM) 64-Bit Server VM (25.261-b12 mixed mode windows-amd64 compressed oops)
# Problematic frame:
# V  [jvm.dll+0x481ac0]
#
# Failed to write core dump. Minidumps are not enabled by default on client versions of Windows
#
# If you would like to submit a bug report, please visit:
#   http://bugreport.java.com/bugreport/crash.jsp
#

---------------  T H R E A D  ---------------

Current thread (0x0000019f1c8a0800):  JavaThread "C2 CompilerThread0" daemon [_thread_in_native, id=10520, stack(0x00000090b3500000,0x00000090b3600000)]

siginfo: ExceptionCode=0xc0000005, reading address 0x00000000659156f0

Registers:
RAX=0x0000000000000000, RBX=0x0000019f2597da50, RCX=0x0000000000000000, RDX=0x0000000000000008
RSP=0x00000090b35fab00, RBP=0x00000090b35fac20, RSI=0x0000000000000065, RDI=0x00000090b35fab60
R8 =0x00000000659156f0, R9 =0x0000019f23703ce0, R10=0x0000000064920000, R11=0x00000090b35faf40
R12=0x0000000064920000, R13=0x0000019f1c97a430, R14=0x0000000000000065, R15=0x00000000651156f0
RIP=0x0000000064da1ac0, EFLAGS=0x0000000000010246

Top of Stack: (sp=0x00000090b35fab00)
0x00000090b35fab00:   0000000000000640 0000000064da1be0
0x00000090b35fab10:   00000090b35fd310 0000019f2597a7b0
0x00000090b35fab20:   00000000651156f0 0000000000000012
0x00000090b35fab30:   0000000000000692 0000000064d9d2f0
0x00000090b35fab40:   0000019f2597da50 00000090b35fac20
0x00000090b35fab50:   0000000000000692 0000000000000000
0x00000090b35fab60:   0000069400000000 0000000000000005
0x00000090b35fab70:   00000000659156f0 0000000000000007
0x00000090b35fab80:   0000019f28344e30 000000000000008b
0x00000090b35fab90:   0000019f2597db90 00000090b35fb028
0x00000090b35faba0:   0000019f1c97a420 00000090b35fb028
0x00000090b35fabb0:   00000090b35facc0 0000000064d66aeb
0x00000090b35fabc0:   00000090b35faf40 0000000000000000
0x00000090b35fabd0:   00000000000003d8 0000000000000001
0x00000090b35fabe0:   0000009000000006 0000019f1c97a420
0x00000090b35fabf0:   0000019f20b013e0 0000019f20b05690 

Instructions: (pc=0x0000000064da1ac0)
0x0000000064da1aa0:   48 8b 47 20 44 8b f6 4e 8b 04 f0 4d 3b c7 0f 84
0x0000000064da1ab0:   83 00 00 00 33 c0 4c 89 47 10 33 c9 0f 1f 40 00
0x0000000064da1ac0:   42 83 3c 01 00 8d 50 01 0f 85 c9 00 00 00 48 83
0x0000000064da1ad0:   c1 04 8b c2 83 fa 08 72 e7 48 8b 6f 30 48 85 ed 


Register to memory mapping:

RAX=0x0000000000000000 is an unknown value
RBX=0x0000019f2597da50 is an unknown value
RCX=0x0000000000000000 is an unknown value
RDX=0x0000000000000008 is an unknown value
RSP=0x00000090b35fab00 is pointing into the stack for thread: 0x0000019f1c8a0800
RBP=0x00000090b35fac20 is pointing into the stack for thread: 0x0000019f1c8a0800
RSI=0x0000000000000065 is an unknown value
RDI=0x00000090b35fab60 is pointing into the stack for thread: 0x0000019f1c8a0800
R8 =0x00000000659156f0 is an unknown value
R9 =0x0000019f23703ce0 is an unknown value
R10=0x0000000064920000 is an unknown value
R11=0x00000090b35faf40 is pointing into the stack for thread: 0x0000019f1c8a0800
R12=0x0000000064920000 is an unknown value
R13=0x0000019f1c97a430 is an unknown value
R14=0x0000000000000065 is an unknown value
R15=0x00000000651156f0 is an unknown value


Stack: [0x00000090b3500000,0x00000090b3600000],  sp=0x00000090b35fab00,  free space=1002k
Native frames: (J=compiled Java code, j=interpreted, Vv=VM code, C=native code)
V  [jvm.dll+0x481ac0]
V  [jvm.dll+0x47d2f0]
V  [jvm.dll+0x446aeb]
V  [jvm.dll+0x44f8f5]
V  [jvm.dll+0x44ecb5]
V  [jvm.dll+0x439bc7]
V  [jvm.dll+0xbbbcb]
V  [jvm.dll+0xba22b]
V  [jvm.dll+0x24d962]
V  [jvm.dll+0x2a1cfc]
C  [ucrtbase.dll+0x210b2]
C  [KERNEL32.DLL+0x17c24]
C  [ntdll.dll+0x6d4d1]


Current CompileTask:
C2:  10924 3731   !   4       org.springframework.core.annotation.AnnotationsScanner::processClassHierarchy (236 bytes)


---------------  P R O C E S S  ---------------

Java Threads: ( => current thread )
  0x0000019f1e13f800 JavaThread "http-nio-8080-Acceptor" daemon [_thread_in_native, id=1492, stack(0x00000090b4c00000,0x00000090b4d00000)]
  0x0000019f1e136800 JavaThread "http-nio-8080-ClientPoller" daemon [_thread_in_native, id=7744, stack(0x00000090b4b00000,0x00000090b4c00000)]
  0x0000019f1e13c000 JavaThread "http-nio-8080-exec-10" daemon [_thread_blocked, id=10396, stack(0x00000090b4a00000,0x00000090b4b00000)]
  0x0000019f1e13a800 JavaThread "http-nio-8080-exec-9" daemon [_thread_blocked, id=4340, stack(0x00000090b4900000,0x00000090b4a00000)]
  0x0000019f1e13d800 JavaThread "http-nio-8080-exec-8" daemon [_thread_blocked, id=10740, stack(0x00000090b4800000,0x00000090b4900000)]
  0x0000019f1e137800 JavaThread "http-nio-8080-exec-7" daemon [_thread_blocked, id=9072, stack(0x00000090b4700000,0x00000090b4800000)]
  0x0000019f1e139800 JavaThread "http-nio-8080-exec-6" daemon [_thread_blocked, id=10824, stack(0x00000090b4600000,0x00000090b4700000)]
  0x0000019f1e13b000 JavaThread "http-nio-8080-exec-5" daemon [_thread_blocked, id=4764, stack(0x00000090b4500000,0x00000090b4600000)]
  0x0000019f1e136000 JavaThread "http-nio-8080-exec-4" daemon [_thread_blocked, id=6760, stack(0x00000090b4400000,0x00000090b4500000)]
  0x0000019f1e139000 JavaThread "http-nio-8080-exec-3" daemon [_thread_blocked, id=11064, stack(0x00000090b4300000,0x00000090b4400000)]
  0x0000019f1e13c800 JavaThread "http-nio-8080-exec-2" daemon [_thread_blocked, id=3320, stack(0x00000090b4200000,0x00000090b4300000)]
  0x0000019f1e133000 JavaThread "http-nio-8080-exec-1" daemon [_thread_blocked, id=7868, stack(0x00000090b4100000,0x00000090b4200000)]
  0x0000019f1e135000 JavaThread "http-nio-8080-BlockPoller" daemon [_thread_in_native, id=1632, stack(0x00000090b4000000,0x00000090b4100000)]
  0x0000019f1e134800 JavaThread "HikariPool-1 connection adder" daemon [_thread_blocked, id=11012, stack(0x00000090b3f00000,0x00000090b4000000)]
  0x0000019f1e132000 JavaThread "task-1" [_thread_in_Java, id=7216, stack(0x00000090b3e00000,0x00000090b3f00000)]
  0x0000019f1e138000 JavaThread "HikariPool-1 housekeeper" daemon [_thread_blocked, id=3968, stack(0x00000090b3d00000,0x00000090b3e00000)]
  0x0000019f1ddad000 JavaThread "container-0" [_thread_blocked, id=1100, stack(0x00000090b3c00000,0x00000090b3d00000)]
  0x0000019f1ddaf000 JavaThread "Catalina-utility-2" [_thread_blocked, id=480, stack(0x00000090b3b00000,0x00000090b3c00000)]
  0x0000019f1ddb0800 JavaThread "Catalina-utility-1" [_thread_blocked, id=2604, stack(0x00000090b3a00000,0x00000090b3b00000)]
  0x0000019f1c988000 JavaThread "Service Thread" daemon [_thread_blocked, id=7444, stack(0x00000090b3800000,0x00000090b3900000)]
  0x0000019f1c93b800 JavaThread "C1 CompilerThread2" daemon [_thread_blocked, id=9152, stack(0x00000090b3700000,0x00000090b3800000)]
  0x0000019f1c8e0000 JavaThread "C2 CompilerThread1" daemon [_thread_in_native, id=4312, stack(0x00000090b3600000,0x00000090b3700000)]
=>0x0000019f1c8a0800 JavaThread "C2 CompilerThread0" daemon [_thread_in_native, id=10520, stack(0x00000090b3500000,0x00000090b3600000)]
  0x0000019f1b345800 JavaThread "JDWP Command Reader" daemon [_thread_in_native, id=9732, stack(0x00000090b3400000,0x00000090b3500000)]
  0x0000019f1b342000 JavaThread "JDWP Event Helper Thread" daemon [_thread_blocked, id=2592, stack(0x00000090b3300000,0x00000090b3400000)]
  0x0000019f1b341000 JavaThread "JDWP Transport Listener: dt_socket" daemon [_thread_blocked, id=8024, stack(0x00000090b3200000,0x00000090b3300000)]
  0x0000019f1b326800 JavaThread "Attach Listener" daemon [_thread_blocked, id=10640, stack(0x00000090b3100000,0x00000090b3200000)]
  0x0000019f1b325800 JavaThread "Signal Dispatcher" daemon [_thread_blocked, id=9900, stack(0x00000090b3000000,0x00000090b3100000)]
  0x0000019f1b2fe800 JavaThread "Finalizer" daemon [_thread_blocked, id=9816, stack(0x00000090b2f00000,0x00000090b3000000)]
  0x0000019f1b2f5000 JavaThread "Reference Handler" daemon [_thread_blocked, id=2716, stack(0x00000090b2e00000,0x00000090b2f00000)]
  0x0000019f0514e000 JavaThread "main" [_thread_in_Java, id=2568, stack(0x00000090b2800000,0x00000090b2900000)]

Other Threads:
  0x0000019f1b2cb800 VMThread [stack: 0x00000090b2d00000,0x00000090b2e00000] [id=7396]
  0x0000019f1c98b800 WatcherThread [stack: 0x00000090b3900000,0x00000090b3a00000] [id=9580]

VM state:not at safepoint (normal execution)

VM Mutex/Monitor currently owned by a thread: None

heap address: 0x0000000080e00000, size: 2034 MB, Compressed Oops mode: 32-bit
Narrow klass base: 0x0000000000000000, Narrow klass shift: 3
Compressed class space size: 1073741824 Address: 0x0000000100000000

Heap:
 PSYoungGen      total 231424K, used 195389K [0x00000000d5a00000, 0x00000000e4980000, 0x0000000100000000)
  eden space 220672K, 88% used [0x00000000d5a00000,0x00000000e18cf698,0x00000000e3180000)
  from space 10752K, 0% used [0x00000000e3f00000,0x00000000e3f00000,0x00000000e4980000)
  to   space 12288K, 0% used [0x00000000e3180000,0x00000000e3180000,0x00000000e3d80000)
 ParOldGen       total 81408K, used 14877K [0x0000000080e00000, 0x0000000085d80000, 0x00000000d5a00000)
  object space 81408K, 18% used [0x0000000080e00000,0x0000000081c87400,0x0000000085d80000)
 Metaspace       used 49326K, capacity 51824K, committed 51968K, reserved 1093632K
  class space    used 6427K, capacity 6852K, committed 6912K, reserved 1048576K

Card table byte_map: [0x0000019f15eb0000,0x0000019f162b0000] byte_map_base: 0x0000019f15aa9000

Marking Bits: (ParMarkBitMap*) 0x0000000065114fb0
 Begin Bits: [0x0000019f16560000, 0x0000019f18528000)
 End Bits:   [0x0000019f18528000, 0x0000019f1a4f0000)

Polling page: 0x0000019f052f0000

CodeCache: size=245760Kb used=12940Kb max_used=12940Kb free=232819Kb
 bounds [0x0000019f06af0000, 0x0000019f077a0000, 0x0000019f15af0000]
 total_blobs=4279 nmethods=3784 adapters=415
 compilation: enabled

Compilation events (10 events):
Event: 10.811 Thread 0x0000019f1c93b800 4231       2       java.util.Formatter$FixedString::print (18 bytes)
Event: 10.811 Thread 0x0000019f1c93b800 nmethod 4231 0x0000019f0779cbd0 code [0x0000019f0779cd40, 0x0000019f0779cef0]
Event: 10.817 Thread 0x0000019f1c93b800 4232       2       java.util.stream.ReferencePipeline::forEachWithCancel (20 bytes)
Event: 10.818 Thread 0x0000019f1c93b800 nmethod 4232 0x0000019f0779cfd0 code [0x0000019f0779d140, 0x0000019f0779d360]
Event: 10.818 Thread 0x0000019f1c93b800 4233       1       java.util.Spliterators$EmptySpliterator::characteristics (4 bytes)
Event: 10.818 Thread 0x0000019f1c93b800 nmethod 4233 0x0000019f0779d450 code [0x0000019f0779d5a0, 0x0000019f0779d6b8]
Event: 10.842 Thread 0x0000019f1c93b800 4234       1       org.springframework.plugin.core.support.PluginRegistryFactoryBean::isSingleton (2 bytes)
Event: 10.842 Thread 0x0000019f1c93b800 nmethod 4234 0x0000019f0779d710 code [0x0000019f0779d860, 0x0000019f0779d978]
Event: 10.859 Thread 0x0000019f1c93b800 4235       2       java.lang.reflect.Field::setFieldAccessor (34 bytes)
Event: 10.860 Thread 0x0000019f1c93b800 nmethod 4235 0x0000019f0779dcd0 code [0x0000019f0779de40, 0x0000019f0779e090]

GC Heap History (10 events):
Event: 4.678 GC heap before
{Heap before GC invocations=6 (full 0):
 PSYoungGen      total 71680K, used 31272K [0x00000000d5a00000, 0x00000000def00000, 0x0000000100000000)
  eden space 66560K, 39% used [0x00000000d5a00000,0x00000000d738db38,0x00000000d9b00000)
  from space 5120K, 99% used [0x00000000d9b00000,0x00000000d9ffc648,0x00000000da000000)
  to   space 9728K, 0% used [0x00000000de580000,0x00000000de580000,0x00000000def00000)
 ParOldGen       total 87552K, used 6468K [0x0000000080e00000, 0x0000000086380000, 0x00000000d5a00000)
  object space 87552K, 7% used [0x0000000080e00000,0x00000000814511a0,0x0000000086380000)
 Metaspace       used 20504K, capacity 21256K, committed 21296K, reserved 1069056K
  class space    used 2490K, capacity 2686K, committed 2688K, reserved 1048576K
Event: 4.691 GC heap after
Heap after GC invocations=6 (full 0):
 PSYoungGen      total 142848K, used 7636K [0x00000000d5a00000, 0x00000000def00000, 0x0000000100000000)
  eden space 133120K, 0% used [0x00000000d5a00000,0x00000000d5a00000,0x00000000ddc00000)
  from space 9728K, 78% used [0x00000000de580000,0x00000000decf5288,0x00000000def00000)
  to   space 9728K, 0% used [0x00000000ddc00000,0x00000000ddc00000,0x00000000de580000)
 ParOldGen       total 87552K, used 6476K [0x0000000080e00000, 0x0000000086380000, 0x00000000d5a00000)
  object space 87552K, 7% used [0x0000000080e00000,0x00000000814531a0,0x0000000086380000)
 Metaspace       used 20504K, capacity 21256K, committed 21296K, reserved 1069056K
  class space    used 2490K, capacity 2686K, committed 2688K, reserved 1048576K
}
Event: 4.691 GC heap before
{Heap before GC invocations=7 (full 1):
 PSYoungGen      total 142848K, used 7636K [0x00000000d5a00000, 0x00000000def00000, 0x0000000100000000)
  eden space 133120K, 0% used [0x00000000d5a00000,0x00000000d5a00000,0x00000000ddc00000)
  from space 9728K, 78% used [0x00000000de580000,0x00000000decf5288,0x00000000def00000)
  to   space 9728K, 0% used [0x00000000ddc00000,0x00000000ddc00000,0x00000000de580000)
 ParOldGen       total 87552K, used 6476K [0x0000000080e00000, 0x0000000086380000, 0x00000000d5a00000)
  object space 87552K, 7% used [0x0000000080e00000,0x00000000814531a0,0x0000000086380000)
 Metaspace       used 20504K, capacity 21256K, committed 21296K, reserved 1069056K
  class space    used 2490K, capacity 2686K, committed 2688K, reserved 1048576K
Event: 4.733 GC heap after
Heap after GC invocations=7 (full 1):
 PSYoungGen      total 142848K, used 0K [0x00000000d5a00000, 0x00000000def00000, 0x0000000100000000)
  eden space 133120K, 0% used [0x00000000d5a00000,0x00000000d5a00000,0x00000000ddc00000)
  from space 9728K, 0% used [0x00000000de580000,0x00000000de580000,0x00000000def00000)
  to   space 9728K, 0% used [0x00000000ddc00000,0x00000000ddc00000,0x00000000de580000)
 ParOldGen       total 55296K, used 8301K [0x0000000080e00000, 0x0000000084400000, 0x00000000d5a00000)
  object space 55296K, 15% used [0x0000000080e00000,0x000000008161b518,0x0000000084400000)
 Metaspace       used 20504K, capacity 21256K, committed 21296K, reserved 1069056K
  class space    used 2490K, capacity 2686K, committed 2688K, reserved 1048576K
}
Event: 7.198 GC heap before
{Heap before GC invocations=8 (full 1):
 PSYoungGen      total 142848K, used 133120K [0x00000000d5a00000, 0x00000000def00000, 0x0000000100000000)
  eden space 133120K, 100% used [0x00000000d5a00000,0x00000000ddc00000,0x00000000ddc00000)
  from space 9728K, 0% used [0x00000000de580000,0x00000000de580000,0x00000000def00000)
  to   space 9728K, 0% used [0x00000000ddc00000,0x00000000ddc00000,0x00000000de580000)
 ParOldGen       total 55296K, used 8301K [0x0000000080e00000, 0x0000000084400000, 0x00000000d5a00000)
  object space 55296K, 15% used [0x0000000080e00000,0x000000008161b518,0x0000000084400000)
 Metaspace       used 29209K, capacity 30854K, committed 31104K, reserved 1077248K
  class space    used 3649K, capacity 3935K, committed 3968K, reserved 1048576K
Event: 7.215 GC heap after
Heap after GC invocations=8 (full 1):
 PSYoungGen      total 142848K, used 9710K [0x00000000d5a00000, 0x00000000e4b00000, 0x0000000100000000)
  eden space 133120K, 0% used [0x00000000d5a00000,0x00000000d5a00000,0x00000000ddc00000)
  from space 9728K, 99% used [0x00000000ddc00000,0x00000000de57b968,0x00000000de580000)
  to   space 12288K, 0% used [0x00000000e3f00000,0x00000000e3f00000,0x00000000e4b00000)
 ParOldGen       total 55296K, used 10251K [0x0000000080e00000, 0x0000000084400000, 0x00000000d5a00000)
  object space 55296K, 18% used [0x0000000080e00000,0x0000000081802e40,0x0000000084400000)
 Metaspace       used 29209K, capacity 30854K, committed 31104K, reserved 1077248K
  class space    used 3649K, capacity 3935K, committed 3968K, reserved 1048576K
}
Event: 8.124 GC heap before
{Heap before GC invocations=9 (full 1):
 PSYoungGen      total 142848K, used 70170K [0x00000000d5a00000, 0x00000000e4b00000, 0x0000000100000000)
  eden space 133120K, 45% used [0x00000000d5a00000,0x00000000d950b238,0x00000000ddc00000)
  from space 9728K, 99% used [0x00000000ddc00000,0x00000000de57b968,0x00000000de580000)
  to   space 12288K, 0% used [0x00000000e3f00000,0x00000000e3f00000,0x00000000e4b00000)
 ParOldGen       total 55296K, used 10251K [0x0000000080e00000, 0x0000000084400000, 0x00000000d5a00000)
  object space 55296K, 18% used [0x0000000080e00000,0x0000000081802e40,0x0000000084400000)
 Metaspace       used 33567K, capacity 35350K, committed 35496K, reserved 1081344K
  class space    used 4185K, capacity 4517K, committed 4608K, reserved 1048576K
Event: 8.137 GC heap after
Heap after GC invocations=9 (full 1):
 PSYoungGen      total 231424K, used 9159K [0x00000000d5a00000, 0x00000000e4980000, 0x0000000100000000)
  eden space 220672K, 0% used [0x00000000d5a00000,0x00000000d5a00000,0x00000000e3180000)
  from space 10752K, 85% used [0x00000000e3f00000,0x00000000e47f1dd0,0x00000000e4980000)
  to   space 12288K, 0% used [0x00000000e3180000,0x00000000e3180000,0x00000000e3d80000)
 ParOldGen       total 55296K, used 10259K [0x0000000080e00000, 0x0000000084400000, 0x00000000d5a00000)
  object space 55296K, 18% used [0x0000000080e00000,0x0000000081804e40,0x0000000084400000)
 Metaspace       used 33567K, capacity 35350K, committed 35496K, reserved 1081344K
  class space    used 4185K, capacity 4517K, committed 4608K, reserved 1048576K
}
Event: 8.137 GC heap before
{Heap before GC invocations=10 (full 2):
 PSYoungGen      total 231424K, used 9159K [0x00000000d5a00000, 0x00000000e4980000, 0x0000000100000000)
  eden space 220672K, 0% used [0x00000000d5a00000,0x00000000d5a00000,0x00000000e3180000)
  from space 10752K, 85% used [0x00000000e3f00000,0x00000000e47f1dd0,0x00000000e4980000)
  to   space 12288K, 0% used [0x00000000e3180000,0x00000000e3180000,0x00000000e3d80000)
 ParOldGen       total 55296K, used 10259K [0x0000000080e00000, 0x0000000084400000, 0x00000000d5a00000)
  object space 55296K, 18% used [0x0000000080e00000,0x0000000081804e40,0x0000000084400000)
 Metaspace       used 33567K, capacity 35350K, committed 35496K, reserved 1081344K
  class space    used 4185K, capacity 4517K, committed 4608K, reserved 1048576K
Event: 8.201 GC heap after
Heap after GC invocations=10 (full 2):
 PSYoungGen      total 231424K, used 0K [0x00000000d5a00000, 0x00000000e4980000, 0x0000000100000000)
  eden space 220672K, 0% used [0x00000000d5a00000,0x00000000d5a00000,0x00000000e3180000)
  from space 10752K, 0% used [0x00000000e3f00000,0x00000000e3f00000,0x00000000e4980000)
  to   space 12288K, 0% used [0x00000000e3180000,0x00000000e3180000,0x00000000e3d80000)
 ParOldGen       total 81408K, used 14877K [0x0000000080e00000, 0x0000000085d80000, 0x00000000d5a00000)
  object space 81408K, 18% used [0x0000000080e00000,0x0000000081c87400,0x0000000085d80000)
 Metaspace       used 33567K, capacity 35350K, committed 35496K, reserved 1081344K
  class space    used 4185K, capacity 4517K, committed 4608K, reserved 1048576K
}

Deoptimization events (10 events):
Event: 9.873 Thread 0x0000019f0514e000 Uncommon trap: reason=class_check action=maybe_recompile pc=0x0000019f06d52c84 method=org.springframework.core.SerializableTypeWrapper.unwrap(Ljava/lang/reflect/Type;)Ljava/lang/reflect/Type; @ 10
Event: 9.885 Thread 0x0000019f0514e000 Uncommon trap: reason=bimorphic action=maybe_recompile pc=0x0000019f06d52c20 method=org.springframework.core.SerializableTypeWrapper.unwrap(Ljava/lang/reflect/Type;)Ljava/lang/reflect/Type; @ 18
Event: 9.885 Thread 0x0000019f0514e000 Uncommon trap: reason=bimorphic action=maybe_recompile pc=0x0000019f06d52c20 method=org.springframework.core.SerializableTypeWrapper.unwrap(Ljava/lang/reflect/Type;)Ljava/lang/reflect/Type; @ 18
Event: 9.909 Thread 0x0000019f1e132000 Uncommon trap: reason=unstable_if action=reinterpret pc=0x0000019f0716777c method=java.lang.String.regionMatches(ZILjava/lang/String;II)Z @ 102
Event: 9.980 Thread 0x0000019f0514e000 Uncommon trap: reason=unstable_if action=reinterpret pc=0x0000019f06de7acc method=java.util.concurrent.ConcurrentHashMap.putVal(Ljava/lang/Object;Ljava/lang/Object;Z)Ljava/lang/Object; @ 331
Event: 9.982 Thread 0x0000019f0514e000 Uncommon trap: reason=unstable_if action=reinterpret pc=0x0000019f06c07098 method=java.util.concurrent.ConcurrentHashMap.get(Ljava/lang/Object;)Ljava/lang/Object; @ 86
Event: 10.189 Thread 0x0000019f0514e000 Uncommon trap: reason=unstable_if action=reinterpret pc=0x0000019f071747ec method=org.springframework.beans.factory.support.AbstractBeanFactory.isTypeMatch(Ljava/lang/String;Lorg/springframework/core/ResolvableType;Z)Z @ 581
Event: 10.379 Thread 0x0000019f0514e000 Uncommon trap: reason=null_check action=make_not_entrant pc=0x0000019f07304ad4 method=org.springframework.util.ClassUtils.isAssignable(Ljava/lang/Class;Ljava/lang/Class;)Z @ 14
Event: 10.484 Thread 0x0000019f0514e000 Uncommon trap: reason=class_check action=maybe_recompile pc=0x0000019f06efd90c method=org.springframework.boot.context.properties.source.ConfigurationPropertyName$Elements.charAt(II)C @ 43
Event: 10.733 Thread 0x0000019f0514e000 Uncommon trap: reason=unstable_if action=reinterpret pc=0x0000019f070643b4 method=java.util.HashMap.putVal(ILjava/lang/Object;Ljava/lang/Object;ZZ)Ljava/lang/Object; @ 162

Classes redefined (0 events):
No events

Internal exceptions (10 events):
Event: 9.189 Thread 0x0000019f0514e000 Exception <a 'java/lang/ClassNotFoundException': org/springframework/beans/factory/AwareCustomizer> (0x00000000da245078) thrown at [C:\jenkins\workspace\8-2-build-windows-amd64-cygwin\jdk8u261\295\hotspot\src\share\vm\classfile\systemDictionary.cpp, line 
Event: 9.513 Thread 0x0000019f0514e000 Exception <a 'java/lang/NoSuchMethodError': java.lang.Object.lambda$comparingInt$7b0bb60$1(Ljava/util/function/ToIntFunction;Ljava/lang/Object;Ljava/lang/Object;)I> (0x00000000dba61508) thrown at [C:\jenkins\workspace\8-2-build-windows-amd64-cygwin\jdk8u2
Event: 9.527 Thread 0x0000019f0514e000 Exception <a 'java/lang/ClassNotFoundException': java/lang/ObjectCustomizer> (0x00000000dba9c410) thrown at [C:\jenkins\workspace\8-2-build-windows-amd64-cygwin\jdk8u261\295\hotspot\src\share\vm\classfile\systemDictionary.cpp, line 210]
Event: 9.530 Thread 0x0000019f0514e000 Exception <a 'java/lang/ClassNotFoundException': springfox/documentation/spring/web/plugins/AbstractDocumentationPluginsBootstrapperCustomizer> (0x00000000dbac39f8) thrown at [C:\jenkins\workspace\8-2-build-windows-amd64-cygwin\jdk8u261\295\hotspot\src\sh
Event: 9.535 Thread 0x0000019f0514e000 Exception <a 'java/lang/ClassNotFoundException': springfox/documentation/spring/web/plugins/DocumentationPluginsBootstrapperCustomizer> (0x00000000dbb01b80) thrown at [C:\jenkins\workspace\8-2-build-windows-amd64-cygwin\jdk8u261\295\hotspot\src\share\vm\c
Event: 9.540 Thread 0x0000019f0514e000 Exception <a 'java/lang/ClassNotFoundException': org/springframework/context/SmartLifecycleCustomizer> (0x00000000dbb36148) thrown at [C:\jenkins\workspace\8-2-build-windows-amd64-cygwin\jdk8u261\295\hotspot\src\share\vm\classfile\systemDictionary.cpp, li
Event: 9.541 Thread 0x0000019f0514e000 Exception <a 'java/lang/ClassNotFoundException': org/springframework/context/LifecycleCustomizer> (0x00000000dbb4e1c8) thrown at [C:\jenkins\workspace\8-2-build-windows-amd64-cygwin\jdk8u261\295\hotspot\src\share\vm\classfile\systemDictionary.cpp, line 21
Event: 9.542 Thread 0x0000019f0514e000 Exception <a 'java/lang/ClassNotFoundException': org/springframework/context/PhasedCustomizer> (0x00000000dbb64918) thrown at [C:\jenkins\workspace\8-2-build-windows-amd64-cygwin\jdk8u261\295\hotspot\src\share\vm\classfile\systemDictionary.cpp, line 210]
Event: 9.709 Thread 0x0000019f0514e000 Exception <a 'java/lang/NoSuchMethodError': java.lang.Object.lambda$negate$1(Ljava/lang/Object;)Z> (0x00000000dbe03018) thrown at [C:\jenkins\workspace\8-2-build-windows-amd64-cygwin\jdk8u261\295\hotspot\src\share\vm\interpreter\linkResolver.cpp, line 620
Event: 10.218 Thread 0x0000019f0514e000 Exception <a 'java/lang/IncompatibleClassChangeError': Found class java.lang.Object, but interface was expected> (0x00000000de3ebdc0) thrown at [C:\jenkins\workspace\8-2-build-windows-amd64-cygwin\jdk8u261\295\hotspot\src\share\vm\interpreter\linkResolver

Events (10 events):
Event: 10.893 Thread 0x0000019f1e132000 DEOPT PACKING pc=0x0000019f0716ebf4 sp=0x00000090b3efd0f0
Event: 10.893 Thread 0x0000019f1e132000 DEOPT UNPACKING pc=0x0000019f06b37898 sp=0x00000090b3efcf10 mode 1
Event: 10.893 Thread 0x0000019f1e132000 DEOPT PACKING pc=0x0000019f06d69f81 sp=0x00000090b3efd130
Event: 10.893 Thread 0x0000019f1e132000 DEOPT UNPACKING pc=0x0000019f06b37898 sp=0x00000090b3efce90 mode 1
Event: 10.893 Thread 0x0000019f1e132000 DEOPT PACKING pc=0x0000019f06ce10f4 sp=0x00000090b3efd280
Event: 10.893 Thread 0x0000019f1e132000 DEOPT UNPACKING pc=0x0000019f06b37898 sp=0x00000090b3efcff8 mode 1
Event: 10.893 Thread 0x0000019f1e132000 DEOPT PACKING pc=0x0000019f06cdce5c sp=0x00000090b3efd330
Event: 10.893 Thread 0x0000019f1e132000 DEOPT UNPACKING pc=0x0000019f06b37898 sp=0x00000090b3efd070 mode 1
Event: 10.893 Thread 0x0000019f1e132000 DEOPT PACKING pc=0x0000019f06e12cec sp=0x00000090b3efdc20
Event: 10.893 Thread 0x0000019f1e132000 DEOPT UNPACKING pc=0x0000019f06b37898 sp=0x00000090b3efd998 mode 1


Dynamic libraries:
0x00007ff73e9b0000 - 0x00007ff73e9f7000 	C:\Program Files\Java\jdk1.8.0_261\bin\java.exe
0x00007ffbc01e0000 - 0x00007ffbc03d0000 	C:\Windows\SYSTEM32\ntdll.dll
0x00007ffbbea90000 - 0x00007ffbbeb42000 	C:\Windows\System32\KERNEL32.DLL
0x00007ffbbd270000 - 0x00007ffbbd515000 	C:\Windows\System32\KERNELBASE.dll
0x00007ffbc00f0000 - 0x00007ffbc0193000 	C:\Windows\System32\ADVAPI32.dll
0x00007ffbbed60000 - 0x00007ffbbedfe000 	C:\Windows\System32\msvcrt.dll
0x00007ffbbf410000 - 0x00007ffbbf4a7000 	C:\Windows\System32\sechost.dll
0x00007ffbbec40000 - 0x00007ffbbed60000 	C:\Windows\System32\RPCRT4.dll
0x00007ffbbf200000 - 0x00007ffbbf394000 	C:\Windows\System32\USER32.dll
0x00007ffbbd6f0000 - 0x00007ffbbd711000 	C:\Windows\System32\win32u.dll
0x00007ffbbe290000 - 0x00007ffbbe2b6000 	C:\Windows\System32\GDI32.dll
0x00007ffbbd720000 - 0x00007ffbbd8b6000 	C:\Windows\System32\gdi32full.dll
0x00007ffbbd8e0000 - 0x00007ffbbd97e000 	C:\Windows\System32\msvcp_win.dll
0x00007ffbbd5f0000 - 0x00007ffbbd6ea000 	C:\Windows\System32\ucrtbase.dll
0x00007ffbae9a0000 - 0x00007ffbaec24000 	C:\Windows\WinSxS\amd64_microsoft.windows.common-controls_6595b64144ccf1df_6.0.18362.1198_none_9e820b57e45ad92f\COMCTL32.dll
0x00007ffbbf750000 - 0x00007ffbbfa85000 	C:\Windows\System32\combase.dll
0x00007ffbbd570000 - 0x00007ffbbd5f0000 	C:\Windows\System32\bcryptPrimitives.dll
0x00007ffbbec10000 - 0x00007ffbbec3e000 	C:\Windows\System32\IMM32.DLL
0x00007ffbb9550000 - 0x00007ffbb9565000 	C:\Program Files\Java\jdk1.8.0_261\jre\bin\vcruntime140.dll
0x00007ffbb3910000 - 0x00007ffbb39ab000 	C:\Program Files\Java\jdk1.8.0_261\jre\bin\msvcp140.dll
0x0000000064920000 - 0x000000006518c000 	C:\Program Files\Java\jdk1.8.0_261\jre\bin\server\jvm.dll
0x00007ffbbfa90000 - 0x00007ffbbfa98000 	C:\Windows\System32\PSAPI.DLL
0x00007ffba84e0000 - 0x00007ffba84e9000 	C:\Windows\SYSTEM32\WSOCK32.dll
0x00007ffbbf3a0000 - 0x00007ffbbf40f000 	C:\Windows\System32\WS2_32.dll
0x00007ffbb05d0000 - 0x00007ffbb05da000 	C:\Windows\SYSTEM32\VERSION.dll
0x00007ffbbafe0000 - 0x00007ffbbb004000 	C:\Windows\SYSTEM32\WINMM.dll
0x00007ffbbac40000 - 0x00007ffbbac6d000 	C:\Windows\SYSTEM32\WINMMBASE.dll
0x00007ffbbd520000 - 0x00007ffbbd56a000 	C:\Windows\System32\cfgmgr32.dll
0x00007ffbbd110000 - 0x00007ffbbd121000 	C:\Windows\System32\kernel.appcore.dll
0x00007ffbb99f0000 - 0x00007ffbb9a00000 	C:\Program Files\Java\jdk1.8.0_261\jre\bin\verify.dll
0x00007ffbb94e0000 - 0x00007ffbb950b000 	C:\Program Files\Java\jdk1.8.0_261\jre\bin\java.dll
0x00007ffbb37a0000 - 0x00007ffbb37d6000 	C:\Program Files\Java\jdk1.8.0_261\jre\bin\jdwp.dll
0x00007ffbb77d0000 - 0x00007ffbb77d9000 	C:\Program Files\Java\jdk1.8.0_261\jre\bin\npt.dll
0x00007ffbb3230000 - 0x00007ffbb3262000 	C:\Program Files\Java\jdk1.8.0_261\jre\bin\instrument.dll
0x00007ffbb8fc0000 - 0x00007ffbb8fd8000 	C:\Program Files\Java\jdk1.8.0_261\jre\bin\zip.dll
0x00007ffbbe2d0000 - 0x00007ffbbe9b7000 	C:\Windows\System32\SHELL32.dll
0x00007ffbbfaa0000 - 0x00007ffbbfb49000 	C:\Windows\System32\shcore.dll
0x00007ffbbdb00000 - 0x00007ffbbe281000 	C:\Windows\System32\windows.storage.dll
0x00007ffbbd130000 - 0x00007ffbbd153000 	C:\Windows\System32\profapi.dll
0x00007ffbbd0c0000 - 0x00007ffbbd10a000 	C:\Windows\System32\powrprof.dll
0x00007ffbbd090000 - 0x00007ffbbd0a0000 	C:\Windows\System32\UMPDC.dll
0x00007ffbbf4b0000 - 0x00007ffbbf502000 	C:\Windows\System32\shlwapi.dll
0x00007ffbbd8c0000 - 0x00007ffbbd8d7000 	C:\Windows\System32\cryptsp.dll
0x00007ffbb7140000 - 0x00007ffbb714a000 	C:\Program Files\Java\jdk1.8.0_261\jre\bin\dt_socket.dll
0x00007ffbbc880000 - 0x00007ffbbc8e7000 	C:\Windows\system32\mswsock.dll
0x00007ffbb6b60000 - 0x00007ffbb6b6d000 	C:\Program Files\Java\jdk1.8.0_261\jre\bin\management.dll
0x00007ffbb7180000 - 0x00007ffbb719c000 	C:\Program Files\Java\jdk1.8.0_261\jre\bin\net.dll
0x00007ffb8e750000 - 0x00007ffb8e766000 	C:\Windows\system32\napinsp.dll
0x00007ffb8e730000 - 0x00007ffb8e74a000 	C:\Windows\system32\pnrpnsp.dll
0x00007ffbbc5d0000 - 0x00007ffbbc69b000 	C:\Windows\SYSTEM32\DNSAPI.dll
0x00007ffbbec00000 - 0x00007ffbbec08000 	C:\Windows\System32\NSI.dll
0x00007ffbbc590000 - 0x00007ffbbc5ca000 	C:\Windows\SYSTEM32\IPHLPAPI.DLL
0x00007ffb93380000 - 0x00007ffb9338e000 	C:\Windows\System32\winrnr.dll
0x00007ffbb98a0000 - 0x00007ffbb98bc000 	C:\Windows\system32\NLAapi.dll
0x00007ffba2660000 - 0x00007ffba2675000 	C:\Windows\system32\wshbth.dll
0x00007ffbb3390000 - 0x00007ffbb339a000 	C:\Windows\System32\rasadhlp.dll
0x00007ffbb50e0000 - 0x00007ffbb5157000 	C:\Windows\System32\fwpuclnt.dll
0x00007ffbbdad0000 - 0x00007ffbbdaf6000 	C:\Windows\System32\bcrypt.dll
0x00007ffbb7150000 - 0x00007ffbb7163000 	C:\Program Files\Java\jdk1.8.0_261\jre\bin\nio.dll
0x00007ffbbc3f0000 - 0x00007ffbbc423000 	C:\Windows\system32\rsaenh.dll
0x00007ffbbcfb0000 - 0x00007ffbbcfd5000 	C:\Windows\SYSTEM32\USERENV.dll
0x00007ffbbca50000 - 0x00007ffbbca5c000 	C:\Windows\SYSTEM32\CRYPTBASE.dll
0x00007ffbb5cd0000 - 0x00007ffbb5ce6000 	C:\Windows\SYSTEM32\dhcpcsvc6.DLL
0x00007ffbb6890000 - 0x00007ffbb68ac000 	C:\Windows\SYSTEM32\dhcpcsvc.DLL
0x00007ffbaacd0000 - 0x00007ffbaaec4000 	C:\Windows\SYSTEM32\dbghelp.dll

VM Arguments:
jvm_args: -agentlib:jdwp=transport=dt_socket,address=127.0.0.1:53281,suspend=y,server=n -javaagent:C:\Users\Alex\AppData\Local\JetBrains\IdeaIC2020.3\captureAgent\debugger-agent.jar -Dfile.encoding=UTF-8 
java_command: com.demo.ing.IngApplication
java_class_path (initial): C:\Program Files\Java\jdk1.8.0_261\jre\lib\charsets.jar;C:\Program Files\Java\jdk1.8.0_261\jre\lib\deploy.jar;C:\Program Files\Java\jdk1.8.0_261\jre\lib\ext\access-bridge-64.jar;C:\Program Files\Java\jdk1.8.0_261\jre\lib\ext\cldrdata.jar;C:\Program Files\Java\jdk1.8.0_261\jre\lib\ext\dnsns.jar;C:\Program Files\Java\jdk1.8.0_261\jre\lib\ext\jaccess.jar;C:\Program Files\Java\jdk1.8.0_261\jre\lib\ext\jfxrt.jar;C:\Program Files\Java\jdk1.8.0_261\jre\lib\ext\localedata.jar;C:\Program Files\Java\jdk1.8.0_261\jre\lib\ext\nashorn.jar;C:\Program Files\Java\jdk1.8.0_261\jre\lib\ext\sunec.jar;C:\Program Files\Java\jdk1.8.0_261\jre\lib\ext\sunjce_provider.jar;C:\Program Files\Java\jdk1.8.0_261\jre\lib\ext\sunmscapi.jar;C:\Program Files\Java\jdk1.8.0_261\jre\lib\ext\sunpkcs11.jar;C:\Program Files\Java\jdk1.8.0_261\jre\lib\ext\zipfs.jar;C:\Program Files\Java\jdk1.8.0_261\jre\lib\javaws.jar;C:\Program Files\Java\jdk1.8.0_261\jre\lib\jce.jar;C:\Program Files\Java\jdk1.8.0_261\jre\lib\jfr.jar;C:\Program Files\Java\jdk1.8.0_261\jre\lib\jfxswt.jar;C:\Program Files\Java\jdk1.8.0_261\jre\lib\jsse.jar;C:\Program Files\Java\jdk1.8.0_261\jre\lib\management-agent.jar;C:\Program Files\Java\jdk1.8.0_261\jre\lib\plugin.jar;C:\Program Files\Java\jdk1.8.0_261\jre\lib\resources.jar;C:\Program Files\Java\jdk1.8.0_261\jre\lib\rt.jar;C:\Users\Alex\Downloads\ing-lux-proj\target\classes;C:\Users\Alex\.m2\repository\org\springframework\boot\spring-boot-starter-web\2.3.2.RELEASE\spring-boot-starter-web-2.3.2.RELEASE.jar;C:\Users\Alex\.m2\repository\org\springframework\boot\spring-boot-starter\2.3.2.RELEASE\spring-boot-starter-2.3.2.RELEASE.jar;C:\Users\Alex\.m2\repository\org\springframework\boot\spring-boot\2.3.2.RELEASE\spring-boot-2.3.2.RELEASE.jar;C:\Users\Alex\.m2\repository\org\springframework\boot\spring-boot-autoconfigure\2.3.2.RELEASE\spring-boot-autoconfigure-2.3.2.RELEASE.jar;C:\Users\Alex\.m2\repository\org\springframework\boot\spring-boot-starter-logging\2.3.2.R
Launcher Type: SUN_STANDARD

Environment Variables:
PATH=C:\Program Files\Mozilla Firefox;C:\Program Files (x86)\Common Files\Oracle\Java\javapath;C:\Windows\system32;C:\Windows;C:\Windows\System32\Wbem;C:\Windows\System32\WindowsPowerShell\v1.0\;C:\Windows\System32\OpenSSH\;C:\Program Files (x86)\ATI Technologies\ATI.ACE\Core-Static;C:\Users\Alex\AppData\Local\Microsoft\WindowsApps;
USERNAME=Alex
OS=Windows_NT
PROCESSOR_IDENTIFIER=Intel64 Family 6 Model 42 Stepping 7, GenuineIntel



---------------  S Y S T E M  ---------------

OS: Windows 10.0 , 64 bit Build 18362 (10.0.18362.1110)

CPU:total 4 (initial active 4) (2 cores per cpu, 2 threads per core) family 6 model 42 stepping 7, cmov, cx8, fxsr, mmx, sse, sse2, sse3, ssse3, sse4.1, sse4.2, popcnt, avx, aes, clmul, ht, tsc, tscinvbit

Memory: 4k page, physical 8331116k(3096404k free), swap 9641836k(3191636k free)

vm_info: Java HotSpot(TM) 64-Bit Server VM (25.261-b12) for windows-amd64 JRE (1.8.0_261-b12), built on Jun 18 2020 06:56:32 by "" with unknown MS VC++:1916

time: Sun Dec 20 19:59:31 2020
timezone: GTB Standard Time
elapsed time: 10 seconds (0d 0h 0m 10s)

